[3700:25392:0507/140259.213:INFO:chrome_browser_cloud_management_controller.cc(202)] No machine level policy manager exists.
[12636:23984:0507/140259.333:INFO:cpu_info.cc(53)] Available number of cores: 12
[14120:16096:0507/140259.334:INFO:cpu_info.cc(53)] Available number of cores: 12
[16952:12732:0507/140259.425:INFO:cpu_info.cc(53)] Available number of cores: 12
[15944:9792:0507/140259.457:VERBOSE1:viz_main_impl.cc(85)] VizNullHypothesis is disabled (not a warning)
[3700:25392:0507/140259.496:INFO:CONSOLE(0)] "Unchecked runtime.lastError: Cannot create item with duplicate id mf-start-tab-video-capture", source:  (0)
[3700:25392:0507/140259.502:INFO:CONSOLE(0)] "Unchecked runtime.lastError: Cannot create item with duplicate id mf-activate-simulator", source:  (0)
[5788:13444:0507/140259.581:INFO:cpu_info.cc(53)] Available number of cores: 12
[25324:8280:0507/140259.658:INFO:cpu_info.cc(53)] Available number of cores: 12
[16408:21480:0507/140259.966:INFO:cpu_info.cc(53)] Available number of cores: 12
[3700:25392:0507/140300.387:INFO:CONSOLE(250)] "
%c¡Detente! font-family:helvetica; font-size:20px; font-size:50px; font-weight:bold; color:red; -webkit-text-stroke:1px black;", source: https://static.cdninstagram.com/rsrc.php/v4/yJ/r/mtiijeELSwP.js (250)
[3700:25392:0507/140300.387:INFO:CONSOLE(250)] "
%cEsta función del navegador está pensada para desarrolladores. Si alguien te ha indicado que copiaras y pegaras algo aquí para habilitar una función de Instagram o para "hackear" la cuenta de alguien, se trata de un fraude. Si lo haces, esta persona podrá acceder a tu cuenta. font-family:helvetica; font-size:20px; ", source: https://static.cdninstagram.com/rsrc.php/v4/yJ/r/mtiijeELSwP.js (250)
[3700:25392:0507/140300.387:INFO:CONSOLE(250)] "
%cVer https://www.facebook.com/selfxss para obtener más información. font-family:helvetica; font-size:20px; ", source: https://static.cdninstagram.com/rsrc.php/v4/yJ/r/mtiijeELSwP.js (250)
[3700:25392:0507/140300.387:INFO:CONSOLE(250)] "
%c ", source: https://static.cdninstagram.com/rsrc.php/v4/yJ/r/mtiijeELSwP.js (250)
[25856:12848:0507/140300.614:INFO:cpu_info.cc(53)] Available number of cores: 12
[3700:25392:0507/140301.899:INFO:CONSOLE(0)] "Banner not shown: beforeinstallpromptevent.preventDefault() called. The page must call beforeinstallpromptevent.prompt() to show the banner.", source: https://www.instagram.com/jackgarzonr/reels/ (0)
[3700:25392:0507/140302.117:INFO:CONSOLE(77)] "ErrorUtils caught an error:

DTSG response is not valid: {"__ar":1,"error":1357004,"errorSummary":"Se ha producido un error","errorDescription":"Cierra y vuelve a abrir el navegador.","isNotCritical":1,"rid":"AdZT0qOF7iF0XVpg2YtPze7","payload":null,"lid":"7501750435120757923"}'

Subsequent non-fatal errors won't be logged; see https://fburl.com/debugjs. [object Object]", source: https://static.cdninstagram.com/rsrc.php/v4/yJ/r/mtiijeELSwP.js (77)
[3700:24912:0507/140303.967:ERROR:registration_request.cc(291)] Registration response error message: DEPRECATED_ENDPOINT
[19400:23560:0507/140304.704:INFO:cpu_info.cc(53)] Available number of cores: 12
[14292:6060:0507/140304.989:INFO:cpu_info.cc(53)] Available number of cores: 12
[3700:25392:0507/140304.997:INFO:CONSOLE(246)] "Permissions policy violation: unload is not allowed in this document.", source: https://static.xx.fbcdn.net/rsrc.php/v4/yJ/r/mtiijeELSwP.js (246)
[3700:25392:0507/140308.076:INFO:CONSOLE(250)] "
%c¡Detente! font-family:helvetica; font-size:20px; font-size:50px; font-weight:bold; color:red; -webkit-text-stroke:1px black;", source: https://static.cdninstagram.com/rsrc.php/v4/yJ/r/mtiijeELSwP.js (250)
[3700:25392:0507/140308.076:INFO:CONSOLE(250)] "
%cEsta función del navegador está pensada para desarrolladores. Si alguien te ha indicado que copiaras y pegaras algo aquí para habilitar una función de Instagram o para "hackear" la cuenta de alguien, se trata de un fraude. Si lo haces, esta persona podrá acceder a tu cuenta. font-family:helvetica; font-size:20px; ", source: https://static.cdninstagram.com/rsrc.php/v4/yJ/r/mtiijeELSwP.js (250)
[3700:25392:0507/140308.076:INFO:CONSOLE(250)] "
%cVer https://www.facebook.com/selfxss para obtener más información. font-family:helvetica; font-size:20px; ", source: https://static.cdninstagram.com/rsrc.php/v4/yJ/r/mtiijeELSwP.js (250)
[3700:25392:0507/140308.076:INFO:CONSOLE(250)] "
%c ", source: https://static.cdninstagram.com/rsrc.php/v4/yJ/r/mtiijeELSwP.js (250)
[3700:25392:0507/140309.170:INFO:CONSOLE(0)] "Banner not shown: beforeinstallpromptevent.preventDefault() called. The page must call beforeinstallpromptevent.prompt() to show the banner.", source: https://www.instagram.com/jackgarzonr/reel/DI5A5TPNH7f/ (0)
[3700:25392:0507/140312.144:INFO:CONSOLE(246)] "Permissions policy violation: unload is not allowed in this document.", source: https://static.xx.fbcdn.net/rsrc.php/v4/yJ/r/mtiijeELSwP.js (246)
[3700:24912:0507/140328.777:ERROR:registration_request.cc(291)] Registration response error message: DEPRECATED_ENDPOINT
[3700:10520:0507/140329.241:INFO:extension_garbage_collector.cc(183)] Garbage collection for extensions on file thread is complete.
[3700:25392:0507/140329.507:INFO:CONSOLE(0)] "Unchecked runtime.lastError: The browser is shutting down.", source:  (0)
[15944:9792:0507/140329.518:ERROR:shared_image_manager.cc(401)] SharedImageManager::ProduceSkia: Trying to Produce a Skia representation from a non-existent mailbox.
[15944:9792:0507/140329.520:ERROR:shared_image_manager.cc(401)] SharedImageManager::ProduceSkia: Trying to Produce a Skia representation from a non-existent mailbox.
[15944:9792:0507/140329.522:ERROR:shared_image_manager.cc(401)] SharedImageManager::ProduceSkia: Trying to Produce a Skia representation from a non-existent mailbox.
[15944:9792:0507/140329.524:ERROR:shared_image_manager.cc(401)] SharedImageManager::ProduceSkia: Trying to Produce a Skia representation from a non-existent mailbox.
[15944:9792:0507/140329.526:ERROR:shared_image_manager.cc(401)] SharedImageManager::ProduceSkia: Trying to Produce a Skia representation from a non-existent mailbox.
[15944:9792:0507/140329.527:ERROR:shared_image_manager.cc(401)] SharedImageManager::ProduceSkia: Trying to Produce a Skia representation from a non-existent mailbox.
[15944:9792:0507/140329.528:ERROR:shared_image_manager.cc(401)] SharedImageManager::ProduceSkia: Trying to Produce a Skia representation from a non-existent mailbox.
[15944:9792:0507/140329.528:ERROR:shared_image_manager.cc(401)] SharedImageManager::ProduceSkia: Trying to Produce a Skia representation from a non-existent mailbox.
[15944:9792:0507/140329.529:ERROR:shared_image_manager.cc(401)] SharedImageManager::ProduceSkia: Trying to Produce a Skia representation from a non-existent mailbox.
[15944:9792:0507/140329.529:ERROR:shared_image_manager.cc(401)] SharedImageManager::ProduceSkia: Trying to Produce a Skia representation from a non-existent mailbox.
[15944:9792:0507/140329.530:ERROR:shared_image_manager.cc(401)] SharedImageManager::ProduceSkia: Trying to Produce a Skia representation from a non-existent mailbox.
[15944:9792:0507/140329.530:ERROR:shared_image_manager.cc(401)] SharedImageManager::ProduceSkia: Trying to Produce a Skia representation from a non-existent mailbox.
[15944:9792:0507/140329.531:ERROR:shared_image_manager.cc(401)] SharedImageManager::ProduceSkia: Trying to Produce a Skia representation from a non-existent mailbox.
[15944:9792:0507/140329.531:ERROR:shared_image_manager.cc(401)] SharedImageManager::ProduceSkia: Trying to Produce a Skia representation from a non-existent mailbox.
[15944:9792:0507/140329.531:ERROR:shared_image_manager.cc(401)] SharedImageManager::ProduceSkia: Trying to Produce a Skia representation from a non-existent mailbox.
[22652:16072:0507/140329.533:WARNING:sqlite_persistent_store_backend_base.cc(176)] Failed to post task from FlushAndNotifyInBackground@net\extras\sqlite\sqlite_persistent_store_backend_base.cc:226 to client_task_runner_.
[22652:16072:0507/140329.533:WARNING:sqlite_persistent_store_backend_base.cc(176)] Failed to post task from FlushAndNotifyInBackground@net\extras\sqlite\sqlite_persistent_store_backend_base.cc:226 to client_task_runner_.
[15944:9792:0507/140329.534:ERROR:shared_image_manager.cc(401)] SharedImageManager::ProduceSkia: Trying to Produce a Skia representation from a non-existent mailbox.
[15944:9792:0507/140329.535:ERROR:shared_image_manager.cc(401)] SharedImageManager::ProduceSkia: Trying to Produce a Skia representation from a non-existent mailbox.
[3700:25392:0507/140329.616:ERROR:command_buffer_proxy_impl.cc(327)] GPU state invalid after WaitForGetOffsetInRange.
[19400:5848:0507/140329.616:ERROR:command_buffer_proxy_impl.cc(327)] GPU state invalid after WaitForGetOffsetInRange.
[3700:25392:0507/140329.617:ERROR:command_buffer_proxy_impl.cc(327)] GPU state invalid after WaitForGetOffsetInRange.
